<?xml version="1.0" encoding="UTF-8"?>
<testng-results skipped="0" failed="0" total="2" passed="2">
  <reporter-output>
  </reporter-output>
  <suite name=" UAT Automation suite" duration-ms="0" started-at="2017-03-03T08:02:30Z" finished-at="2017-03-03T08:02:30Z">
    <groups>
    </groups>
  </suite> <!--  UAT Automation suite -->
  <suite name="TM_Project Suite" duration-ms="25676" started-at="2017-03-03T08:02:04Z" finished-at="2017-03-03T08:02:29Z">
    <groups>
    </groups>
    <test name="VerifyLogin" duration-ms="25676" started-at="2017-03-03T08:02:04Z" finished-at="2017-03-03T08:02:29Z">
      <class name="com.uat.TestCases.VerifyLoginFucntionality">
        <test-method status="PASS" signature="verifyValidLogin(java.lang.String, java.lang.String, java.lang.String)[pri:0, instance:com.uat.TestCases.VerifyLoginFucntionality@7770f470]" name="verifyValidLogin" duration-ms="14427" started-at="2017-03-03T13:32:04Z" data-provider="getTestData" finished-at="2017-03-03T13:32:18Z">
          <params>
            <param index="0">
              <value>
                <![CDATA[demo@click2cloud.net]]>
              </value>
            </param>
            <param index="1">
              <value>
                <![CDATA[123]]>
              </value>
            </param>
            <param index="2">
              <value>
                <![CDATA[Test Management]]>
              </value>
            </param>
          </params>
          <reporter-output>
          </reporter-output>
        </test-method> <!-- verifyValidLogin -->
        <test-method status="PASS" signature="CloseDriver()[pri:0, instance:com.uat.TestCases.VerifyLoginFucntionality@7770f470]" name="CloseDriver" is-config="true" duration-ms="2006" started-at="2017-03-03T13:32:18Z" finished-at="2017-03-03T13:32:20Z">
          <reporter-output>
          </reporter-output>
        </test-method> <!-- CloseDriver -->
        <test-method status="PASS" signature="verifyValidLogin(java.lang.String, java.lang.String, java.lang.String)[pri:0, instance:com.uat.TestCases.VerifyLoginFucntionality@7770f470]" name="verifyValidLogin" duration-ms="8501" started-at="2017-03-03T13:32:20Z" data-provider="getTestData" finished-at="2017-03-03T13:32:29Z">
          <params>
            <param index="0">
              <value>
                <![CDATA[test1@test.com]]>
              </value>
            </param>
            <param index="1">
              <value>
                <![CDATA[123]]>
              </value>
            </param>
            <param index="2">
              <value>
                <![CDATA[TestManagement]]>
              </value>
            </param>
          </params>
          <reporter-output>
          </reporter-output>
        </test-method> <!-- verifyValidLogin -->
        <test-method status="PASS" signature="CloseDriver()[pri:0, instance:com.uat.TestCases.VerifyLoginFucntionality@7770f470]" name="CloseDriver" is-config="true" duration-ms="704" started-at="2017-03-03T13:32:29Z" finished-at="2017-03-03T13:32:29Z">
          <reporter-output>
          </reporter-output>
        </test-method> <!-- CloseDriver -->
      </class> <!-- com.uat.TestCases.VerifyLoginFucntionality -->
    </test> <!-- VerifyLogin -->
  </suite> <!-- TM_Project Suite -->
</testng-results>
